Configuring foundation-0.0.7...
Building foundation-0.0.7...
Preprocessing library foundation-0.0.7...
[  1 of 122] Compiling Foundation.System.Bindings.Windows ( Foundation\System\Bindings\Windows.hs, .stack-work\dist\ca59d0ab\build\Foundation\System\Bindings\Windows.o )
[  2 of 122] Compiling Foundation.System.Bindings ( Foundation\System\Bindings.hs, .stack-work\dist\ca59d0ab\build\Foundation\System\Bindings.o )

Foundation\System\Bindings.hs:3:7: warning: [-Wdodgy-exports]
    The export item `module X' exports nothing

Foundation\System\Bindings.hs:7:1: warning: [-Wunused-imports]
    The import of `Foundation.System.Bindings.Windows' is redundant
      except perhaps to import instances from `Foundation.System.Bindings.Windows'
    To import instances alone, use: import Foundation.System.Bindings.Windows()
[  3 of 122] Compiling Foundation.String.Internal ( Foundation\String\Internal.hs, .stack-work\dist\ca59d0ab\build\Foundation\String\Internal.o )
[  4 of 122] Compiling Foundation.Strict ( Foundation\Strict.hs, .stack-work\dist\ca59d0ab\build\Foundation\Strict.o )
[  5 of 122] Compiling Foundation.Primitive.Base16 ( Foundation\Primitive\Base16.hs, .stack-work\dist\ca59d0ab\build\Foundation\Primitive\Base16.o )
[  6 of 122] Compiling Foundation.Numerical.Primitives ( Foundation\Numerical\Primitives.hs, .stack-work\dist\ca59d0ab\build\Foundation\Numerical\Primitives.o )
[  7 of 122] Compiling Foundation.Monad.MonadIO ( Foundation\Monad\MonadIO.hs, .stack-work\dist\ca59d0ab\build\Foundation\Monad\MonadIO.o )
[  8 of 122] Compiling Foundation.Internal.Proxy ( Foundation\Internal\Proxy.hs, .stack-work\dist\ca59d0ab\build\Foundation\Internal\Proxy.o )
[  9 of 122] Compiling Foundation.Internal.Primitive ( Foundation\Internal\Primitive.hs, .stack-work\dist\ca59d0ab\build\Foundation\Internal\Primitive.o )
[ 10 of 122] Compiling Foundation.Internal.PrimTypes ( Foundation\Internal\PrimTypes.hs, .stack-work\dist\ca59d0ab\build\Foundation\Internal\PrimTypes.o )
[ 11 of 122] Compiling Foundation.Internal.Natural ( Foundation\Internal\Natural.hs, .stack-work\dist\ca59d0ab\build\Foundation\Internal\Natural.o )
[ 12 of 122] Compiling Foundation.Internal.NumLiteral ( Foundation\Internal\NumLiteral.hs, .stack-work\dist\ca59d0ab\build\Foundation\Internal\NumLiteral.o )
[ 13 of 122] Compiling Foundation.Internal.IsList ( Foundation\Internal\IsList.hs, .stack-work\dist\ca59d0ab\build\Foundation\Internal\IsList.o )
[ 14 of 122] Compiling Foundation.Internal.Identity ( Foundation\Internal\Identity.hs, .stack-work\dist\ca59d0ab\build\Foundation\Internal\Identity.o )
[ 15 of 122] Compiling Foundation.Internal.CallStack ( Foundation\Internal\CallStack.hs, .stack-work\dist\ca59d0ab\build\Foundation\Internal\CallStack.o )
[ 16 of 122] Compiling Foundation.Internal.Base ( Foundation\Internal\Base.hs, .stack-work\dist\ca59d0ab\build\Foundation\Internal\Base.o )
[ 17 of 122] Compiling Foundation.Internal.ByteSwap ( Foundation\Internal\ByteSwap.hs, .stack-work\dist\ca59d0ab\build\Foundation\Internal\ByteSwap.o )
[ 18 of 122] Compiling Foundation.Internal.MonadTrans ( Foundation\Internal\MonadTrans.hs, .stack-work\dist\ca59d0ab\build\Foundation\Internal\MonadTrans.o )
[ 19 of 122] Compiling Foundation.Monad.Exception ( Foundation\Monad\Exception.hs, .stack-work\dist\ca59d0ab\build\Foundation\Monad\Exception.o )
[ 20 of 122] Compiling Foundation.Monad.Transformer ( Foundation\Monad\Transformer.hs, .stack-work\dist\ca59d0ab\build\Foundation\Monad\Transformer.o )
[ 21 of 122] Compiling Foundation.Monad ( Foundation\Monad.hs, .stack-work\dist\ca59d0ab\build\Foundation\Monad.o )
[ 22 of 122] Compiling Foundation.Monad.Identity ( Foundation\Monad\Identity.hs, .stack-work\dist\ca59d0ab\build\Foundation\Monad\Identity.o )
[ 23 of 122] Compiling Foundation.Monad.Base ( Foundation\Monad\Base.hs, .stack-work\dist\ca59d0ab\build\Foundation\Monad\Base.o )
[ 24 of 122] Compiling Foundation.Monad.Reader ( Foundation\Monad\Reader.hs, .stack-work\dist\ca59d0ab\build\Foundation\Monad\Reader.o )
[ 25 of 122] Compiling Foundation.Monad.State ( Foundation\Monad\State.hs, .stack-work\dist\ca59d0ab\build\Foundation\Monad\State.o )
[ 26 of 122] Compiling Foundation.Numerical.Floating ( Foundation\Numerical\Floating.hs, .stack-work\dist\ca59d0ab\build\Foundation\Numerical\Floating.o )
[ 27 of 122] Compiling Foundation.Numerical.Number ( Foundation\Numerical\Number.hs, .stack-work\dist\ca59d0ab\build\Foundation\Numerical\Number.o )
[ 28 of 122] Compiling Foundation.Numerical.Additive ( Foundation\Numerical\Additive.hs, .stack-work\dist\ca59d0ab\build\Foundation\Numerical\Additive.o )
[ 29 of 122] Compiling Foundation.Numerical.Multiplicative ( Foundation\Numerical\Multiplicative.hs, .stack-work\dist\ca59d0ab\build\Foundation\Numerical\Multiplicative.o )
[ 30 of 122] Compiling Foundation.Partial ( Foundation\Partial.hs, .stack-work\dist\ca59d0ab\build\Foundation\Partial.o )
[ 31 of 122] Compiling Foundation.Primitive.Endianness ( Foundation\Primitive\Endianness.hs, .stack-work\dist\ca59d0ab\build\Foundation\Primitive\Endianness.o )
[ 32 of 122] Compiling Foundation.Primitive.Floating ( Foundation\Primitive\Floating.hs, .stack-work\dist\ca59d0ab\build\Foundation\Primitive\Floating.o )
[ 33 of 122] Compiling Foundation.Primitive.IntegralConv ( Foundation\Primitive\IntegralConv.hs, .stack-work\dist\ca59d0ab\build\Foundation\Primitive\IntegralConv.o )
[ 34 of 122] Compiling Foundation.Numerical.Subtractive ( Foundation\Numerical\Subtractive.hs, .stack-work\dist\ca59d0ab\build\Foundation\Numerical\Subtractive.o )
[ 35 of 122] Compiling Foundation.Numerical ( Foundation\Numerical.hs, .stack-work\dist\ca59d0ab\build\Foundation\Numerical.o )
[ 36 of 122] Compiling Foundation.Math.Trigonometry ( Foundation\Math\Trigonometry.hs, .stack-work\dist\ca59d0ab\build\Foundation\Math\Trigonometry.o )

Foundation\Math\Trigonometry.hs:7:1: warning: [-Wunused-imports]
    The import of `Foundation.Numerical' is redundant
      except perhaps to import instances from `Foundation.Numerical'
    To import instances alone, use: import Foundation.Numerical()
[ 37 of 122] Compiling Foundation.Primitive.Monad ( Foundation\Primitive\Monad.hs, .stack-work\dist\ca59d0ab\build\Foundation\Primitive\Monad.o )
[ 38 of 122] Compiling Foundation.Primitive.FinalPtr ( Foundation\Primitive\FinalPtr.hs, .stack-work\dist\ca59d0ab\build\Foundation\Primitive\FinalPtr.o )
[ 39 of 122] Compiling Foundation.Primitive.Nat ( Foundation\Primitive\Nat.hs, .stack-work\dist\ca59d0ab\build\Foundation\Primitive\Nat.o )
[ 40 of 122] Compiling Foundation.List.SList ( Foundation\List\SList.hs, .stack-work\dist\ca59d0ab\build\Foundation\List\SList.o )
[ 41 of 122] Compiling Foundation.Primitive.Types.OffsetSize ( Foundation\Primitive\Types\OffsetSize.hs, .stack-work\dist\ca59d0ab\build\Foundation\Primitive\Types\OffsetSize.o )
[ 42 of 122] Compiling Foundation.Internal.Environment ( Foundation\Internal\Environment.hs, .stack-work\dist\ca59d0ab\build\Foundation\Internal\Environment.o )
[ 43 of 122] Compiling Foundation.Primitive.Types ( Foundation\Primitive\Types.hs, .stack-work\dist\ca59d0ab\build\Foundation\Primitive\Types.o )
[ 44 of 122] Compiling Foundation.Primitive ( Foundation\Primitive.hs, .stack-work\dist\ca59d0ab\build\Foundation\Primitive.o )
[ 45 of 122] Compiling Foundation.Primitive.Utils ( Foundation\Primitive\Utils.hs, .stack-work\dist\ca59d0ab\build\Foundation\Primitive\Utils.o )
[ 46 of 122] Compiling Foundation.String.UTF8Table ( Foundation\String\UTF8Table.hs, .stack-work\dist\ca59d0ab\build\Foundation\String\UTF8Table.o )
[ 47 of 122] Compiling Foundation.System.Bindings.Network ( .stack-work\dist\ca59d0ab\build\Foundation\System\Bindings\Network.hs, .stack-work\dist\ca59d0ab\build\Foundation\System\Bindings\Network.o )
[ 48 of 122] Compiling Foundation.System.Entropy.Common ( Foundation\System\Entropy\Common.hs, .stack-work\dist\ca59d0ab\build\Foundation\System\Entropy\Common.o )
[ 49 of 122] Compiling Foundation.System.Entropy.Windows ( Foundation\System\Entropy\Windows.hs, .stack-work\dist\ca59d0ab\build\Foundation\System\Entropy\Windows.o )
[ 50 of 122] Compiling Foundation.VFS.Path ( Foundation\VFS\Path.hs, .stack-work\dist\ca59d0ab\build\Foundation\VFS\Path.o )
[ 51 of 122] Compiling Foundation.VFS.URI ( Foundation\VFS\URI.hs, .stack-work\dist\ca59d0ab\build\Foundation\VFS\URI.o )
[ 52 of 122] Compiling Foundation.Convertible ( Foundation\Convertible.hs, .stack-work\dist\ca59d0ab\build\Foundation\Convertible.o )
[ 53 of 122] Compiling Foundation.Conduit.Internal ( Foundation\Conduit\Internal.hs, .stack-work\dist\ca59d0ab\build\Foundation\Conduit\Internal.o )

Foundation\Conduit\Internal.hs:145:11: warning: [-Winline-rule-shadowing]
    Rule "conduit: await >>= maybe" may never fire
      because `maybe' might inline first
    Probable fix: add an INLINE[n] or NOINLINE[n] pragma for `maybe'
[ 54 of 122] Compiling Foundation.Collection.List ( Foundation\Collection\List.hs, .stack-work\dist\ca59d0ab\build\Foundation\Collection\List.o )
[ 55 of 122] Compiling Foundation.Collection.Keyed ( Foundation\Collection\Keyed.hs, .stack-work\dist\ca59d0ab\build\Foundation\Collection\Keyed.o )
[ 56 of 122] Compiling Foundation.Class.Bifunctor ( Foundation\Class\Bifunctor.hs, .stack-work\dist\ca59d0ab\build\Foundation\Class\Bifunctor.o )
[ 57 of 122] Compiling Foundation.Tuple ( Foundation\Tuple.hs, .stack-work\dist\ca59d0ab\build\Foundation\Tuple.o )
[ 58 of 122] Compiling Foundation.Tuple.Nth ( Foundation\Tuple\Nth.hs, .stack-work\dist\ca59d0ab\build\Foundation\Tuple\Nth.o )
[ 59 of 122] Compiling Foundation.Boot.List ( Foundation\Boot\List.hs, .stack-work\dist\ca59d0ab\build\Foundation\Boot\List.o )
[ 60 of 122] Compiling Foundation.Boot.Builder ( Foundation\Boot\Builder.hs, .stack-work\dist\ca59d0ab\build\Foundation\Boot\Builder.o )
[ 61 of 122] Compiling Foundation.Bits  ( Foundation\Bits.hs, .stack-work\dist\ca59d0ab\build\Foundation\Bits.o )
[ 62 of 122] Compiling Foundation.Array.Common ( Foundation\Array\Common.hs, .stack-work\dist\ca59d0ab\build\Foundation\Array\Common.o )
[ 63 of 122] Compiling Foundation.Array.Unboxed.Mutable ( Foundation\Array\Unboxed\Mutable.hs, .stack-work\dist\ca59d0ab\build\Foundation\Array\Unboxed\Mutable.o )
[ 64 of 122] Compiling Foundation.Array.Unboxed ( Foundation\Array\Unboxed.hs, .stack-work\dist\ca59d0ab\build\Foundation\Array\Unboxed.o )
[ 65 of 122] Compiling Foundation.Array.Internal ( Foundation\Array\Internal.hs, .stack-work\dist\ca59d0ab\build\Foundation\Array\Internal.o )
[ 66 of 122] Compiling Foundation.String.ModifiedUTF8 ( Foundation\String\ModifiedUTF8.hs, .stack-work\dist\ca59d0ab\build\Foundation\String\ModifiedUTF8.o )
[ 67 of 122] Compiling Foundation.Array.Unboxed.ByteArray ( Foundation\Array\Unboxed\ByteArray.hs, .stack-work\dist\ca59d0ab\build\Foundation\Array\Unboxed\ByteArray.o )
[ 68 of 122] Compiling Foundation.Foreign ( Foundation\Foreign.hs, .stack-work\dist\ca59d0ab\build\Foundation\Foreign.o )
[ 69 of 122] Compiling Foundation.String.Encoding.Encoding ( Foundation\String\Encoding\Encoding.hs, .stack-work\dist\ca59d0ab\build\Foundation\String\Encoding\Encoding.o )
[ 70 of 122] Compiling Foundation.String.Encoding.ASCII7 ( Foundation\String\Encoding\ASCII7.hs, .stack-work\dist\ca59d0ab\build\Foundation\String\Encoding\ASCII7.o )
[ 71 of 122] Compiling Foundation.String.Encoding.ISO_8859_1 ( Foundation\String\Encoding\ISO_8859_1.hs, .stack-work\dist\ca59d0ab\build\Foundation\String\Encoding\ISO_8859_1.o )
[ 72 of 122] Compiling Foundation.String.Encoding.UTF16 ( Foundation\String\Encoding\UTF16.hs, .stack-work\dist\ca59d0ab\build\Foundation\String\Encoding\UTF16.o )
[ 73 of 122] Compiling Foundation.String.Encoding.UTF32 ( Foundation\String\Encoding\UTF32.hs, .stack-work\dist\ca59d0ab\build\Foundation\String\Encoding\UTF32.o )
[ 74 of 122] Compiling Foundation.String.UTF8 ( Foundation\String\UTF8.hs, .stack-work\dist\ca59d0ab\build\Foundation\String\UTF8.o )
[ 75 of 122] Compiling Foundation.Internal.Error ( Foundation\Internal\Error.hs, .stack-work\dist\ca59d0ab\build\Foundation\Internal\Error.o )
[ 76 of 122] Compiling Foundation.String ( Foundation\String.hs, .stack-work\dist\ca59d0ab\build\Foundation\String.o )
[ 77 of 122] Compiling Foundation.IO.Terminal ( Foundation\IO\Terminal.hs, .stack-work\dist\ca59d0ab\build\Foundation\IO\Terminal.o )
[ 78 of 122] Compiling Foundation.System.Info ( Foundation\System\Info.hs, .stack-work\dist\ca59d0ab\build\Foundation\System\Info.o )
[ 79 of 122] Compiling Foundation.String.Read ( Foundation\String\Read.hs, .stack-work\dist\ca59d0ab\build\Foundation\String\Read.o )
[ 80 of 122] Compiling Foundation.System.Entropy ( Foundation\System\Entropy.hs, .stack-work\dist\ca59d0ab\build\Foundation\System\Entropy.o )
[ 81 of 122] Compiling Foundation.Array.Boxed ( Foundation\Array\Boxed.hs, .stack-work\dist\ca59d0ab\build\Foundation\Array\Boxed.o )
[ 82 of 122] Compiling Foundation.Collection.Copy ( Foundation\Collection\Copy.hs, .stack-work\dist\ca59d0ab\build\Foundation\Collection\Copy.o )
[ 83 of 122] Compiling Foundation.Collection.Element ( Foundation\Collection\Element.hs, .stack-work\dist\ca59d0ab\build\Foundation\Collection\Element.o )
[ 84 of 122] Compiling Foundation.Collection.Buildable ( Foundation\Collection\Buildable.hs, .stack-work\dist\ca59d0ab\build\Foundation\Collection\Buildable.o )
[ 85 of 122] Compiling Foundation.Collection.Collection ( Foundation\Collection\Collection.hs, .stack-work\dist\ca59d0ab\build\Foundation\Collection\Collection.o )
[ 86 of 122] Compiling Foundation.Collection.Foldable ( Foundation\Collection\Foldable.hs, .stack-work\dist\ca59d0ab\build\Foundation\Collection\Foldable.o )
[ 87 of 122] Compiling Foundation.Collection.Indexed ( Foundation\Collection\Indexed.hs, .stack-work\dist\ca59d0ab\build\Foundation\Collection\Indexed.o )
[ 88 of 122] Compiling Foundation.Collection.InnerFunctor ( Foundation\Collection\InnerFunctor.hs, .stack-work\dist\ca59d0ab\build\Foundation\Collection\InnerFunctor.o )
[ 89 of 122] Compiling Foundation.Collection.Mappable ( Foundation\Collection\Mappable.hs, .stack-work\dist\ca59d0ab\build\Foundation\Collection\Mappable.o )

Foundation\Collection\Mappable.hs:69:1: warning: [-Wunused-top-binds]
    Defined but not used: `sequenceA_'
[ 90 of 122] Compiling Foundation.Collection.Mutable ( Foundation\Collection\Mutable.hs, .stack-work\dist\ca59d0ab\build\Foundation\Collection\Mutable.o )
[ 91 of 122] Compiling Foundation.Collection.Sequential ( Foundation\Collection\Sequential.hs, .stack-work\dist\ca59d0ab\build\Foundation\Collection\Sequential.o )
[ 92 of 122] Compiling Foundation.Collection.Zippable ( Foundation\Collection\Zippable.hs, .stack-work\dist\ca59d0ab\build\Foundation\Collection\Zippable.o )
[ 93 of 122] Compiling Foundation.Collection ( Foundation\Collection.hs, .stack-work\dist\ca59d0ab\build\Foundation\Collection.o )
[ 94 of 122] Compiling Foundation.Array.Chunked.Unboxed ( Foundation\Array\Chunked\Unboxed.hs, .stack-work\dist\ca59d0ab\build\Foundation\Array\Chunked\Unboxed.o )
[ 95 of 122] Compiling Foundation.Class.Storable ( Foundation\Class\Storable.hs, .stack-work\dist\ca59d0ab\build\Foundation\Class\Storable.o )
[ 96 of 122] Compiling Foundation.Parser ( Foundation\Parser.hs, .stack-work\dist\ca59d0ab\build\Foundation\Parser.o )
[ 97 of 122] Compiling Foundation.String.ASCII ( Foundation\String\ASCII.hs, .stack-work\dist\ca59d0ab\build\Foundation\String\ASCII.o )

Foundation\String\ASCII.hs:192:11: warning: [-Winline-rule-shadowing]
    Rule "break (== 'c')" may never fire
      because rule "Class op ==" for `==' might fire first
    Probable fix: add phase [n] or [~n] to the competing rule
[ 98 of 122] Compiling Foundation.Array.Bitmap ( Foundation\Array\Bitmap.hs, .stack-work\dist\ca59d0ab\build\Foundation\Array\Bitmap.o )
[ 99 of 122] Compiling Foundation.Array ( Foundation\Array.hs, .stack-work\dist\ca59d0ab\build\Foundation\Array.o )
[100 of 122] Compiling Foundation.Hashing.Hasher ( Foundation\Hashing\Hasher.hs, .stack-work\dist\ca59d0ab\build\Foundation\Hashing\Hasher.o )
[101 of 122] Compiling Foundation.Hashing.FNV ( Foundation\Hashing\FNV.hs, .stack-work\dist\ca59d0ab\build\Foundation\Hashing\FNV.o )
[102 of 122] Compiling Foundation.Hashing.Hashable ( Foundation\Hashing\Hashable.hs, .stack-work\dist\ca59d0ab\build\Foundation\Hashing\Hashable.o )
[103 of 122] Compiling Foundation.Network.IPv4 ( Foundation\Network\IPv4.hs, .stack-work\dist\ca59d0ab\build\Foundation\Network\IPv4.o )
[104 of 122] Compiling Foundation.Network.IPv6 ( Foundation\Network\IPv6.hs, .stack-work\dist\ca59d0ab\build\Foundation\Network\IPv6.o )
[105 of 122] Compiling Foundation.UUID  ( Foundation\UUID.hs, .stack-work\dist\ca59d0ab\build\Foundation\UUID.o )
[106 of 122] Compiling Foundation.Hashing.SipHash ( Foundation\Hashing\SipHash.hs, .stack-work\dist\ca59d0ab\build\Foundation\Hashing\SipHash.o )
[107 of 122] Compiling Foundation.Hashing ( Foundation\Hashing.hs, .stack-work\dist\ca59d0ab\build\Foundation\Hashing.o )
[108 of 122] Compiling Foundation.Random ( Foundation\Random.hs, .stack-work\dist\ca59d0ab\build\Foundation\Random.o )
[109 of 122] Compiling Foundation.Check.Gen ( Foundation\Check\Gen.hs, .stack-work\dist\ca59d0ab\build\Foundation\Check\Gen.o )
[110 of 122] Compiling Foundation.Check.Arbitrary ( Foundation\Check\Arbitrary.hs, .stack-work\dist\ca59d0ab\build\Foundation\Check\Arbitrary.o )

Foundation\Check\Arbitrary.hs:15:1: warning: [-Wunused-imports]
    The import of `doubleExponant'
    from module `Foundation.Primitive.Floating' is redundant
[111 of 122] Compiling Foundation.Check.Property ( Foundation\Check\Property.hs, .stack-work\dist\ca59d0ab\build\Foundation\Check\Property.o )
[112 of 122] Compiling Foundation.Check ( Foundation\Check.hs, .stack-work\dist\ca59d0ab\build\Foundation\Check.o )

Foundation\Check.hs:115:40: warning: [-Wunused-matches]
    Defined but not used: `name'
[113 of 122] Compiling Foundation.VFS.FilePath ( Foundation\VFS\FilePath.hs, .stack-work\dist\ca59d0ab\build\Foundation\VFS\FilePath.o )
[114 of 122] Compiling Foundation.VFS   ( Foundation\VFS.hs, .stack-work\dist\ca59d0ab\build\Foundation\VFS.o )
[115 of 122] Compiling Foundation.Foreign.MemoryMap.Types ( Foundation\Foreign\MemoryMap\Types.hs, .stack-work\dist\ca59d0ab\build\Foundation\Foreign\MemoryMap\Types.o )
[116 of 122] Compiling Foundation.Foreign.MemoryMap.Windows ( Foundation\Foreign\MemoryMap\Windows.hs, .stack-work\dist\ca59d0ab\build\Foundation\Foreign\MemoryMap\Windows.o )

Foundation\Foreign\MemoryMap\Windows.hs:12:1: warning: [-Wunused-imports]
    The import of `Foundation.Primitive.FinalPtr' is redundant
      except perhaps to import instances from `Foundation.Primitive.FinalPtr'
    To import instances alone, use: import Foundation.Primitive.FinalPtr()
[117 of 122] Compiling Foundation.Foreign.MemoryMap ( Foundation\Foreign\MemoryMap.hs, .stack-work\dist\ca59d0ab\build\Foundation\Foreign\MemoryMap.o )
[118 of 122] Compiling Foundation.IO.File ( Foundation\IO\File.hs, .stack-work\dist\ca59d0ab\build\Foundation\IO\File.o )
[119 of 122] Compiling Foundation.IO    ( Foundation\IO.hs, .stack-work\dist\ca59d0ab\build\Foundation\IO.o )
[120 of 122] Compiling Foundation.IO.FileMap ( Foundation\IO\FileMap.hs, .stack-work\dist\ca59d0ab\build\Foundation\IO\FileMap.o )
[121 of 122] Compiling Foundation       ( Foundation.hs, .stack-work\dist\ca59d0ab\build\Foundation.o )
[122 of 122] Compiling Foundation.Conduit ( Foundation\Conduit.hs, .stack-work\dist\ca59d0ab\build\Foundation\Conduit.o )
Installing library in
C:\sr\snapshots\a28fa890\lib\x86_64-windows-ghc-8.0.2\foundation-0.0.7-Is1tbv9X5XE1TfMPJqOjwz
Registering foundation-0.0.7...
